#
# There is insufficient memory for the Java Runtime Environment to continue.
# Native memory allocation (mmap) failed to map 73400320 bytes for committing reserved memory.
# Possible reasons:
#   The system is out of physical RAM or swap space
#   The process is running with CompressedOops enabled, and the Java Heap may be blocking the growth of the native heap
# Possible solutions:
#   Reduce memory load on the system
#   Increase physical memory or swap space
#   Check if swap backing store is full
#   Decrease Java heap size (-Xmx/-Xms)
#   Decrease number of Java threads
#   Decrease Java thread stack sizes (-Xss)
#   Set larger code cache with -XX:ReservedCodeCacheSize=
#   JVM is running with Unscaled Compressed Oops mode in which the Java heap is
#     placed in the first 4GB address space. The Java Heap base address is the
#     maximum limit for the native heap growth. Please use -XX:HeapBaseMinAddress
#     to set the Java Heap base and to place the Java Heap above 4GB virtual address.
# This output file may be truncated or incomplete.
#
#  Out of Memory Error (os_linux.cpp:2757), pid=11110, tid=0x00007f650b7f7700
#
# JRE version: OpenJDK Runtime Environment (8.0_232-b09) (build 1.8.0_232-8u232-b09-0ubuntu1~19.04.1-b09)
# Java VM: OpenJDK 64-Bit Server VM (25.232-b09 mixed mode linux-amd64 compressed oops)
# Failed to write core dump. Core dumps have been disabled. To enable core dumping, try "ulimit -c unlimited" before starting Java again
#

---------------  T H R E A D  ---------------

Current thread (0x00007f652013f000):  VMThread [stack: 0x00007f650b6f8000,0x00007f650b7f8000] [id=11120]

Stack: [0x00007f650b6f8000,0x00007f650b7f8000],  sp=0x00007f650b7f6420,  free space=1017k
Native frames: (J=compiled Java code, j=interpreted, Vv=VM code, C=native code)
V  [libjvm.so+0xa23395]
V  [libjvm.so+0x4b41e7]
V  [libjvm.so+0x889938]
V  [libjvm.so+0x88102e]
V  [libjvm.so+0x8f92ce]
V  [libjvm.so+0x8f9ac1]
V  [libjvm.so+0x8fa44b]
V  [libjvm.so+0x8f72a9]
V  [libjvm.so+0x8efe25]
V  [libjvm.so+0x43db9d]
V  [libjvm.so+0xa248d2]
V  [libjvm.so+0xa2a4d6]
V  [libjvm.so+0xa27f57]
V  [libjvm.so+0xa291fc]
V  [libjvm.so+0xa29488]
V  [libjvm.so+0x886dc2]

VM_Operation (0x00007f6526fa9ee0): CollectForMetadataAllocation, mode: safepoint, requested by thread 0x00007f652000a800


---------------  P R O C E S S  ---------------

Java Threads: ( => current thread )
  0x00007f64b4001000 JavaThread "HikariPool-1 connection adder" daemon [_thread_blocked, id=11148, stack(0x00007f6500cfe000,0x00007f6500dff000)]
  0x00007f6521454800 JavaThread "HikariPool-1 housekeeper" daemon [_thread_blocked, id=11147, stack(0x00007f6508066000,0x00007f6508167000)]
  0x00007f6521452800 JavaThread "MVStore background writer nio:/home/navy/IdeaProjects/MAC_Query/test.mv.db" daemon [_thread_blocked, id=11146, stack(0x00007f6508167000,0x00007f6508268000)]
  0x00007f652144a800 JavaThread "H2 TCP Server (tcp://127.0.1.1:38299)" daemon [_thread_in_native, id=11144, stack(0x00007f650906d000,0x00007f650916e000)]
  0x00007f65213c5800 JavaThread "H2 File Lock Watchdog /home/navy/IdeaProjects/MAC_Query/test.lock.db" daemon [_thread_blocked, id=11143, stack(0x00007f650996e000,0x00007f6509a6f000)]
  0x00007f64d0074800 JavaThread "process reaper" daemon [_thread_blocked, id=11133, stack(0x00007f650a06f000,0x00007f650a0a8000)]
  0x00007f65202cb000 JavaThread "surefire-forkedjvm-ping-30s" daemon [_thread_blocked, id=11130, stack(0x00007f650a47f000,0x00007f650a580000)]
  0x00007f65202b3000 JavaThread "surefire-forkedjvm-command-thread" daemon [_thread_in_native, id=11129, stack(0x00007f650a580000,0x00007f650a681000)]
  0x00007f652018f800 JavaThread "Service Thread" daemon [_thread_blocked, id=11127, stack(0x00007f650a782000,0x00007f650a883000)]
  0x00007f6520184800 JavaThread "C1 CompilerThread2" daemon [_thread_blocked, id=11126, stack(0x00007f650a884000,0x00007f650a984000)]
  0x00007f6520182800 JavaThread "C2 CompilerThread1" daemon [_thread_blocked, id=11125, stack(0x00007f650a985000,0x00007f650aa85000)]
  0x00007f652017f800 JavaThread "C2 CompilerThread0" daemon [_thread_blocked, id=11124, stack(0x00007f650aa86000,0x00007f650ab86000)]
  0x00007f652017e000 JavaThread "Signal Dispatcher" daemon [_thread_blocked, id=11123, stack(0x00007f650ab86000,0x00007f650ac87000)]
  0x00007f652014b000 JavaThread "Finalizer" daemon [_thread_blocked, id=11122, stack(0x00007f650b4f5000,0x00007f650b5f6000)]
  0x00007f6520148800 JavaThread "Reference Handler" daemon [_thread_blocked, id=11121, stack(0x00007f650b5f6000,0x00007f650b6f7000)]
  0x00007f652000a800 JavaThread "main" [_thread_blocked, id=11115, stack(0x00007f6526eaf000,0x00007f6526faf000)]

Other Threads:
=>0x00007f652013f000 VMThread [stack: 0x00007f650b6f8000,0x00007f650b7f8000] [id=11120]
  0x00007f6520192000 WatcherThread [stack: 0x00007f650a682000,0x00007f650a782000] [id=11128]

VM state:at safepoint (normal execution)

VM Mutex/Monitor currently owned by a thread:  ([mutex/lock_event])
[0x00007f6520007bd0] Threads_lock - owner thread: 0x00007f652013f000
[0x00007f65200080d0] Heap_lock - owner thread: 0x00007f652000a800

heap address: 0x00000000c2c00000, size: 980 MB, Compressed Oops mode: 32-bit
Narrow klass base: 0x0000000000000000, Narrow klass shift: 3
Compressed class space size: 1073741824 Address: 0x0000000100000000

Heap:
 PSYoungGen      total 225792K, used 2963K [0x00000000eb980000, 0x00000000fa880000, 0x0000000100000000)
  eden space 208896K, 0% used [0x00000000eb980000,0x00000000eb980000,0x00000000f8580000)
  from space 16896K, 17% used [0x00000000f8580000,0x00000000f8864d48,0x00000000f9600000)
  to   space 13824K, 0% used [0x00000000f9600000,0x00000000f9600000,0x00000000fa380000)
 ParOldGen       total 50688K, used 28443K [0x00000000c2c00000, 0x00000000c5d80000, 0x00000000eb980000)
  object space 50688K, 56% used [0x00000000c2c00000,0x00000000c47c6c38,0x00000000c5d80000)
 Metaspace       used 55723K, capacity 59016K, committed 59136K, reserved 1099776K
  class space    used 7635K, capacity 8187K, committed 8192K, reserved 1048576K

Card table byte_map: [0x00007f652689d000,0x00007f6526a88000] byte_map_base: 0x00007f6526287000

Marking Bits: (ParMarkBitMap*) 0x00007f6527fab380
 Begin Bits: [0x00007f65244b2000, 0x00007f6525402000)
 End Bits:   [0x00007f6525402000, 0x00007f6526352000)

Polling page: 0x00007f65281fd000

CodeCache: size=245760Kb used=13586Kb max_used=13947Kb free=232173Kb
 bounds [0x00007f6511000000, 0x00007f6511e00000, 0x00007f6520000000]
 total_blobs=4344 nmethods=3810 adapters=447
 compilation: enabled

Compilation events (10 events):
Event: 7.471 Thread 0x00007f6520184800 4250       3       org.junit.platform.commons.util.AnnotationUtils::findMetaAnnotation (84 bytes)
Event: 7.473 Thread 0x00007f652017f800 nmethod 4138 0x00007f6511850ad0 code [0x00007f6511850ca0, 0x00007f6511851568]
Event: 7.473 Thread 0x00007f652017f800 3785       4       java.util.concurrent.ConcurrentHashMap::sumCount (48 bytes)
Event: 7.473 Thread 0x00007f652017f800 nmethod 3785 0x00007f651112ee10 code [0x00007f651112ef60, 0x00007f651112efd8]
Event: 7.473 Thread 0x00007f652017f800 3804       4       java.util.concurrent.ConcurrentHashMap::isEmpty (15 bytes)
Event: 7.474 Thread 0x00007f652017f800 nmethod 3804 0x00007f651125ca50 code [0x00007f651125cba0, 0x00007f651125cc38]
Event: 7.474 Thread 0x00007f652017f800 4246       4       java.io.InputStream::<init> (5 bytes)
Event: 7.474 Thread 0x00007f6520184800 nmethod 4250 0x00007f65115eb650 code [0x00007f65115eb860, 0x00007f65115ec2c8]
Event: 7.475 Thread 0x00007f652017f800 nmethod 4246 0x00007f6511283790 code [0x00007f65112838e0, 0x00007f6511283978]
Event: 7.475 Thread 0x00007f652017f800 4043       4       org.springframework.core.annotation.MergedAnnotations::from (9 bytes)

GC Heap History (10 events):
Event: 2.607 GC heap after
Heap after GC invocations=8 (full 1):
 PSYoungGen      total 132608K, used 8189K [0x00000000eb980000, 0x00000000f6d00000, 0x0000000100000000)
  eden space 124416K, 0% used [0x00000000eb980000,0x00000000eb980000,0x00000000f3300000)
  from space 8192K, 99% used [0x00000000f3300000,0x00000000f3aff440,0x00000000f3b00000)
  to   space 10240K, 0% used [0x00000000f6300000,0x00000000f6300000,0x00000000f6d00000)
 ParOldGen       total 36864K, used 10465K [0x00000000c2c00000, 0x00000000c5000000, 0x00000000eb980000)
  object space 36864K, 28% used [0x00000000c2c00000,0x00000000c36387d8,0x00000000c5000000)
 Metaspace       used 29915K, capacity 31660K, committed 31744K, reserved 1077248K
  class space    used 3922K, capacity 4269K, committed 4352K, reserved 1048576K
}
Event: 3.125 GC heap before
{Heap before GC invocations=9 (full 1):
 PSYoungGen      total 132608K, used 76317K [0x00000000eb980000, 0x00000000f6d00000, 0x0000000100000000)
  eden space 124416K, 54% used [0x00000000eb980000,0x00000000efc083a8,0x00000000f3300000)
  from space 8192K, 99% used [0x00000000f3300000,0x00000000f3aff440,0x00000000f3b00000)
  to   space 10240K, 0% used [0x00000000f6300000,0x00000000f6300000,0x00000000f6d00000)
 ParOldGen       total 36864K, used 10465K [0x00000000c2c00000, 0x00000000c5000000, 0x00000000eb980000)
  object space 36864K, 28% used [0x00000000c2c00000,0x00000000c36387d8,0x00000000c5000000)
 Metaspace       used 33528K, capacity 35430K, committed 35496K, reserved 1079296K
  class space    used 4449K, capacity 4832K, committed 4864K, reserved 1048576K
Event: 3.134 GC heap after
Heap after GC invocations=9 (full 1):
 PSYoungGen      total 173056K, used 8461K [0x00000000eb980000, 0x00000000f8b00000, 0x0000000100000000)
  eden space 162816K, 0% used [0x00000000eb980000,0x00000000eb980000,0x00000000f5880000)
  from space 10240K, 82% used [0x00000000f6300000,0x00000000f6b437c0,0x00000000f6d00000)
  to   space 10752K, 0% used [0x00000000f5880000,0x00000000f5880000,0x00000000f6300000)
 ParOldGen       total 36864K, used 10473K [0x00000000c2c00000, 0x00000000c5000000, 0x00000000eb980000)
  object space 36864K, 28% used [0x00000000c2c00000,0x00000000c363a7d8,0x00000000c5000000)
 Metaspace       used 33528K, capacity 35430K, committed 35496K, reserved 1079296K
  class space    used 4449K, capacity 4832K, committed 4864K, reserved 1048576K
}
Event: 3.134 GC heap before
{Heap before GC invocations=10 (full 2):
 PSYoungGen      total 173056K, used 8461K [0x00000000eb980000, 0x00000000f8b00000, 0x0000000100000000)
  eden space 162816K, 0% used [0x00000000eb980000,0x00000000eb980000,0x00000000f5880000)
  from space 10240K, 82% used [0x00000000f6300000,0x00000000f6b437c0,0x00000000f6d00000)
  to   space 10752K, 0% used [0x00000000f5880000,0x00000000f5880000,0x00000000f6300000)
 ParOldGen       total 36864K, used 10473K [0x00000000c2c00000, 0x00000000c5000000, 0x00000000eb980000)
  object space 36864K, 28% used [0x00000000c2c00000,0x00000000c363a7d8,0x00000000c5000000)
 Metaspace       used 33528K, capacity 35430K, committed 35496K, reserved 1079296K
  class space    used 4449K, capacity 4832K, committed 4864K, reserved 1048576K
Event: 3.183 GC heap after
Heap after GC invocations=10 (full 2):
 PSYoungGen      total 173056K, used 0K [0x00000000eb980000, 0x00000000f8b00000, 0x0000000100000000)
  eden space 162816K, 0% used [0x00000000eb980000,0x00000000eb980000,0x00000000f5880000)
  from space 10240K, 0% used [0x00000000f6300000,0x00000000f6300000,0x00000000f6d00000)
  to   space 10752K, 0% used [0x00000000f5880000,0x00000000f5880000,0x00000000f6300000)
 ParOldGen       total 50688K, used 12877K [0x00000000c2c00000, 0x00000000c5d80000, 0x00000000eb980000)
  object space 50688K, 25% used [0x00000000c2c00000,0x00000000c3893478,0x00000000c5d80000)
 Metaspace       used 33528K, capacity 35430K, committed 35496K, reserved 1079296K
  class space    used 4449K, capacity 4832K, committed 4864K, reserved 1048576K
}
Event: 4.542 GC heap before
{Heap before GC invocations=11 (full 2):
 PSYoungGen      total 173056K, used 162816K [0x00000000eb980000, 0x00000000f8b00000, 0x0000000100000000)
  eden space 162816K, 100% used [0x00000000eb980000,0x00000000f5880000,0x00000000f5880000)
  from space 10240K, 0% used [0x00000000f6300000,0x00000000f6300000,0x00000000f6d00000)
  to   space 10752K, 0% used [0x00000000f5880000,0x00000000f5880000,0x00000000f6300000)
 ParOldGen       total 50688K, used 12877K [0x00000000c2c00000, 0x00000000c5d80000, 0x00000000eb980000)
  object space 50688K, 25% used [0x00000000c2c00000,0x00000000c3893478,0x00000000c5d80000)
 Metaspace       used 46886K, capacity 48986K, committed 49280K, reserved 1091584K
  class space    used 6373K, capacity 6770K, committed 6784K, reserved 1048576K
Event: 4.567 GC heap after
Heap after GC invocations=11 (full 2):
 PSYoungGen      total 173568K, used 10739K [0x00000000eb980000, 0x00000000fa380000, 0x0000000100000000)
  eden space 162816K, 0% used [0x00000000eb980000,0x00000000eb980000,0x00000000f5880000)
  from space 10752K, 99% used [0x00000000f5880000,0x00000000f62fcdf0,0x00000000f6300000)
  to   space 13824K, 0% used [0x00000000f9600000,0x00000000f9600000,0x00000000fa380000)
 ParOldGen       total 50688K, used 16877K [0x00000000c2c00000, 0x00000000c5d80000, 0x00000000eb980000)
  object space 50688K, 33% used [0x00000000c2c00000,0x00000000c3c7b678,0x00000000c5d80000)
 Metaspace       used 46886K, capacity 48986K, committed 49280K, reserved 1091584K
  class space    used 6373K, capacity 6770K, committed 6784K, reserved 1048576K
}
Event: 5.851 GC heap before
{Heap before GC invocations=12 (full 2):
 PSYoungGen      total 173568K, used 173555K [0x00000000eb980000, 0x00000000fa380000, 0x0000000100000000)
  eden space 162816K, 100% used [0x00000000eb980000,0x00000000f5880000,0x00000000f5880000)
  from space 10752K, 99% used [0x00000000f5880000,0x00000000f62fcdf0,0x00000000f6300000)
  to   space 13824K, 0% used [0x00000000f9600000,0x00000000f9600000,0x00000000fa380000)
 ParOldGen       total 50688K, used 16877K [0x00000000c2c00000, 0x00000000c5d80000, 0x00000000eb980000)
  object space 50688K, 33% used [0x00000000c2c00000,0x00000000c3c7b678,0x00000000c5d80000)
 Metaspace       used 54321K, capacity 57456K, committed 57728K, reserved 1099776K
  class space    used 7442K, capacity 7993K, committed 8064K, reserved 1048576K
Event: 5.877 GC heap after
Heap after GC invocations=12 (full 2):
 PSYoungGen      total 222720K, used 13821K [0x00000000eb980000, 0x00000000fa880000, 0x0000000100000000)
  eden space 208896K, 0% used [0x00000000eb980000,0x00000000eb980000,0x00000000f8580000)
  from space 13824K, 99% used [0x00000000f9600000,0x00000000fa37f678,0x00000000fa380000)
  to   space 16896K, 0% used [0x00000000f8580000,0x00000000f8580000,0x00000000f9600000)
 ParOldGen       total 50688K, used 19133K [0x00000000c2c00000, 0x00000000c5d80000, 0x00000000eb980000)
  object space 50688K, 37% used [0x00000000c2c00000,0x00000000c3eaf508,0x00000000c5d80000)
 Metaspace       used 54321K, capacity 57456K, committed 57728K, reserved 1099776K
  class space    used 7442K, capacity 7993K, committed 8064K, reserved 1048576K
}
Event: 7.491 GC heap before
{Heap before GC invocations=13 (full 2):
 PSYoungGen      total 222720K, used 95217K [0x00000000eb980000, 0x00000000fa880000, 0x0000000100000000)
  eden space 208896K, 38% used [0x00000000eb980000,0x00000000f08fcd88,0x00000000f8580000)
  from space 13824K, 99% used [0x00000000f9600000,0x00000000fa37f678,0x00000000fa380000)
  to   space 16896K, 0% used [0x00000000f8580000,0x00000000f8580000,0x00000000f9600000)
 ParOldGen       total 50688K, used 19133K [0x00000000c2c00000, 0x00000000c5d80000, 0x00000000eb980000)
  object space 50688K, 37% used [0x00000000c2c00000,0x00000000c3eaf508,0x00000000c5d80000)
 Metaspace       used 55723K, capacity 59016K, committed 59136K, reserved 1099776K
  class space    used 7635K, capacity 8187K, committed 8192K, reserved 1048576K

Deoptimization events (10 events):
Event: 5.737 Thread 0x00007f652000a800 Uncommon trap: reason=class_check action=maybe_recompile pc=0x00007f6511698a7c method=java.util.concurrent.ConcurrentHashMap.get(Ljava/lang/Object;)Ljava/lang/Object; @ 93
Event: 5.737 Thread 0x00007f652000a800 Uncommon trap: reason=class_check action=maybe_recompile pc=0x00007f6511698a7c method=java.util.concurrent.ConcurrentHashMap.get(Ljava/lang/Object;)Ljava/lang/Object; @ 93
Event: 5.738 Thread 0x00007f652000a800 Uncommon trap: reason=class_check action=maybe_recompile pc=0x00007f6511698a7c method=java.util.concurrent.ConcurrentHashMap.get(Ljava/lang/Object;)Ljava/lang/Object; @ 93
Event: 5.992 Thread 0x00007f652000a800 Uncommon trap: reason=unstable_if action=reinterpret pc=0x00007f6511c8e0a0 method=org.springframework.core.annotation.AnnotationsScanner.isWithoutHierarchy(Ljava/lang/reflect/AnnotatedElement;Lorg/springframework/core/annotation/MergedAnnotations$SearchSt
Event: 6.274 Thread 0x00007f652000a800 Uncommon trap: reason=unstable_if action=reinterpret pc=0x00007f65118aeffc method=java.util.concurrent.ConcurrentHashMap.transfer([Ljava/util/concurrent/ConcurrentHashMap$Node;[Ljava/util/concurrent/ConcurrentHashMap$Node;)V @ 356
Event: 6.479 Thread 0x00007f652000a800 Uncommon trap: reason=null_check action=make_not_entrant pc=0x00007f65117fcd18 method=org.springframework.util.ClassUtils.isAssignable(Ljava/lang/Class;Ljava/lang/Class;)Z @ 14
Event: 6.501 Thread 0x00007f652000a800 Uncommon trap: reason=unstable_if action=reinterpret pc=0x00007f65119b8a34 method=org.springframework.boot.context.properties.source.ConfigurationPropertyName$Elements.charAt(II)C @ 13
Event: 6.502 Thread 0x00007f652000a800 Uncommon trap: reason=unstable_if action=reinterpret pc=0x00007f65118f9310 method=org.springframework.boot.context.properties.source.ConfigurationPropertyName$Elements.charAt(II)C @ 13
Event: 6.507 Thread 0x00007f652000a800 Uncommon trap: reason=unstable_if action=reinterpret pc=0x00007f6511a1790c method=org.springframework.boot.context.properties.source.ConfigurationPropertyName$Elements.charAt(II)C @ 13
Event: 7.386 Thread 0x00007f652000a800 Uncommon trap: reason=unstable_if action=reinterpret pc=0x00007f651192f878 method=org.springframework.util.ConcurrentReferenceHashMap$Segment.clear()V @ 7

Classes redefined (0 events):
No events

Internal exceptions (10 events):
Event: 7.364 Thread 0x00007f652000a800 Exception <a 'java/lang/ClassNotFoundException': org/springframework/core/env/EnvironmentCapableCustomizer> (0x00000000f02ee910) thrown at [/build/openjdk-8-7UDm1F/openjdk-8-8u232-b09/src/hotspot/src/share/vm/classfile/systemDictionary.cpp, line 210]
Event: 7.365 Thread 0x00007f652000a800 Exception <a 'java/lang/ClassNotFoundException': org/springframework/web/context/ServletContextAwareCustomizer> (0x00000000f0310e58) thrown at [/build/openjdk-8-7UDm1F/openjdk-8-8u232-b09/src/hotspot/src/share/vm/classfile/systemDictionary.cpp, line 210]
Event: 7.365 Thread 0x00007f652000a800 Exception <a 'java/lang/ClassNotFoundException': org/springframework/beans/factory/AwareCustomizer> (0x00000000f032e308) thrown at [/build/openjdk-8-7UDm1F/openjdk-8-8u232-b09/src/hotspot/src/share/vm/classfile/systemDictionary.cpp, line 210]
Event: 7.365 Thread 0x00007f652000a800 Exception <a 'java/lang/ClassNotFoundException': org/springframework/beans/factory/InitializingBeanCustomizer> (0x00000000f034ed58) thrown at [/build/openjdk-8-7UDm1F/openjdk-8-8u232-b09/src/hotspot/src/share/vm/classfile/systemDictionary.cpp, line 210]
Event: 7.365 Thread 0x00007f652000a800 Exception <a 'java/lang/ClassNotFoundException': org/springframework/beans/factory/DisposableBeanCustomizer> (0x00000000f036e998) thrown at [/build/openjdk-8-7UDm1F/openjdk-8-8u232-b09/src/hotspot/src/share/vm/classfile/systemDictionary.cpp, line 210]
Event: 7.367 Thread 0x00007f652000a800 Exception <a 'java/lang/ClassNotFoundException': java/lang/ObjectCustomizer> (0x00000000f0399508) thrown at [/build/openjdk-8-7UDm1F/openjdk-8-8u232-b09/src/hotspot/src/share/vm/classfile/systemDictionary.cpp, line 210]
Event: 7.368 Thread 0x00007f652000a800 Exception <a 'java/lang/ClassNotFoundException': org/springframework/web/multipart/support/StandardServletMultipartResolverCustomizer> (0x00000000f03c6660) thrown at [/build/openjdk-8-7UDm1F/openjdk-8-8u232-b09/src/hotspot/src/share/vm/classfile/systemDic
Event: 7.368 Thread 0x00007f652000a800 Exception <a 'java/lang/ClassNotFoundException': org/springframework/web/multipart/MultipartResolverCustomizer> (0x00000000f03ec7b0) thrown at [/build/openjdk-8-7UDm1F/openjdk-8-8u232-b09/src/hotspot/src/share/vm/classfile/systemDictionary.cpp, line 210]
Event: 7.444 Thread 0x00007f652000a800 Exception <a 'java/lang/ClassNotFoundException': java/lang/ObjectCustomizer> (0x00000000f066a960) thrown at [/build/openjdk-8-7UDm1F/openjdk-8-8u232-b09/src/hotspot/src/share/vm/classfile/systemDictionary.cpp, line 210]
Event: 7.446 Thread 0x00007f652000a800 Exception <a 'java/lang/ClassNotFoundException': com/wj/MAC_Query/MacQueryApplicationTestsCustomizer> (0x00000000f068b3b8) thrown at [/build/openjdk-8-7UDm1F/openjdk-8-8u232-b09/src/hotspot/src/share/vm/classfile/systemDictionary.cpp, line 210]

Events (10 events):
Event: 7.485 loading class org/junit/jupiter/api/extension/Extension done
Event: 7.486 loading class org/junit/jupiter/api/extension/BeforeEachCallback
Event: 7.486 loading class org/junit/jupiter/api/extension/BeforeEachCallback done
Event: 7.486 loading class org/junit/jupiter/api/extension/BeforeEachCallback
Event: 7.486 loading class org/junit/jupiter/api/extension/BeforeEachCallback done
Event: 7.486 loading class org/junit/jupiter/engine/descriptor/TestMethodTestDescriptor$CallbackInvoker
Event: 7.486 loading class org/junit/jupiter/engine/descriptor/TestMethodTestDescriptor$CallbackInvoker done
Event: 7.486 loading class org/junit/jupiter/engine/descriptor/TestMethodTestDescriptor$CallbackInvoker
Event: 7.486 loading class org/junit/jupiter/engine/descriptor/TestMethodTestDescriptor$CallbackInvoker done
Event: 7.489 Executing VM operation: CollectForMetadataAllocation


Dynamic libraries:
c2c00000-c5d80000 rw-p 00000000 00:00 0 
c5d80000-eb980000 ---p 00000000 00:00 0 
eb980000-fa880000 rw-p 00000000 00:00 0 
fee80000-100000000 ---p 00000000 00:00 0 
100000000-100800000 rw-p 00000000 00:00 0 
100800000-140000000 ---p 00000000 00:00 0 
557ce7a7c000-557ce7a7d000 r--p 00000000 08:01 2105858                    /usr/lib/jvm/java-8-openjdk-amd64/jre/bin/java
557ce7a7d000-557ce7a7e000 r-xp 00001000 08:01 2105858                    /usr/lib/jvm/java-8-openjdk-amd64/jre/bin/java
557ce7a7e000-557ce7a7f000 r--p 00002000 08:01 2105858                    /usr/lib/jvm/java-8-openjdk-amd64/jre/bin/java
557ce7a7f000-557ce7a80000 r--p 00002000 08:01 2105858                    /usr/lib/jvm/java-8-openjdk-amd64/jre/bin/java
557ce7a80000-557ce7a81000 rw-p 00003000 08:01 2105858                    /usr/lib/jvm/java-8-openjdk-amd64/jre/bin/java
557ce9443000-557ce9464000 rw-p 00000000 00:00 0                          [heap]
7f64b4000000-7f64b4021000 rw-p 00000000 00:00 0 
7f64b4021000-7f64b8000000 ---p 00000000 00:00 0 
7f64b8000000-7f64b8021000 rw-p 00000000 00:00 0 
7f64b8021000-7f64bc000000 ---p 00000000 00:00 0 
7f64bc000000-7f64bc09d000 rw-p 00000000 00:00 0 
7f64bc09d000-7f64c0000000 ---p 00000000 00:00 0 
7f64c0000000-7f64c0021000 rw-p 00000000 00:00 0 
7f64c0021000-7f64c4000000 ---p 00000000 00:00 0 
7f64c4000000-7f64c4021000 rw-p 00000000 00:00 0 
7f64c4021000-7f64c8000000 ---p 00000000 00:00 0 
7f64c8000000-7f64c8508000 rw-p 00000000 00:00 0 
7f64c8508000-7f64cc000000 ---p 00000000 00:00 0 
7f64cc000000-7f64cc021000 rw-p 00000000 00:00 0 
7f64cc021000-7f64d0000000 ---p 00000000 00:00 0 
7f64d0000000-7f64d009c000 rw-p 00000000 00:00 0 
7f64d009c000-7f64d4000000 ---p 00000000 00:00 0 
7f64d4000000-7f64d4021000 rw-p 00000000 00:00 0 
7f64d4021000-7f64d8000000 ---p 00000000 00:00 0 
7f64d8000000-7f64d8021000 rw-p 00000000 00:00 0 
7f64d8021000-7f64dc000000 ---p 00000000 00:00 0 
7f64dc000000-7f64ddc67000 rw-p 00000000 00:00 0 
7f64ddc67000-7f64e0000000 ---p 00000000 00:00 0 
7f64e0000000-7f64e1338000 rw-p 00000000 00:00 0 
7f64e1338000-7f64e4000000 ---p 00000000 00:00 0 
7f64e4000000-7f64e4021000 rw-p 00000000 00:00 0 
7f64e4021000-7f64e8000000 ---p 00000000 00:00 0 
7f64e8000000-7f64e9a0b000 rw-p 00000000 00:00 0 
7f64e9a0b000-7f64ec000000 ---p 00000000 00:00 0 
7f64ec000000-7f64ec021000 rw-p 00000000 00:00 0 
7f64ec021000-7f64f0000000 ---p 00000000 00:00 0 
7f64f0000000-7f64f0021000 rw-p 00000000 00:00 0 
7f64f0021000-7f64f4000000 ---p 00000000 00:00 0 
7f64f4000000-7f64f4021000 rw-p 00000000 00:00 0 
7f64f4021000-7f64f8000000 ---p 00000000 00:00 0 
7f64f8000000-7f64f8021000 rw-p 00000000 00:00 0 
7f64f8021000-7f64fc000000 ---p 00000000 00:00 0 
7f64fc000000-7f64fc021000 rw-p 00000000 00:00 0 
7f64fc021000-7f6500000000 ---p 00000000 00:00 0 
7f65000fe000-7f65002be000 rw-p 00000000 00:00 0 
7f65002be000-7f65002fe000 ---p 00000000 00:00 0 
7f65002fe000-7f65004fe000 rw-p 00000000 00:00 0 
7f65004fe000-7f65006fe000 rw-p 00000000 00:00 0 
7f65006fe000-7f65008fe000 rw-p 00000000 00:00 0 
7f65008fe000-7f6500afe000 rw-p 00000000 00:00 0 
7f6500afe000-7f6500cfe000 rw-p 00000000 00:00 0 
7f6500cfe000-7f6500d01000 ---p 00000000 00:00 0 
7f6500d01000-7f6500fff000 rw-p 00000000 00:00 0 
7f6500fff000-7f6504000000 rw-p 00000000 00:00 0 
7f6504000000-7f650403a000 rw-p 00000000 00:00 0 
7f650403a000-7f6508000000 ---p 00000000 00:00 0 
7f6508066000-7f6508069000 ---p 00000000 00:00 0 
7f6508069000-7f6508167000 rw-p 00000000 00:00 0 
7f6508167000-7f650816a000 ---p 00000000 00:00 0 
7f650816a000-7f6508468000 rw-p 00000000 00:00 0 
7f6508468000-7f6508668000 rw-p 00000000 00:00 0 
7f6508668000-7f650866d000 r--s 000a3000 08:01 2105994                    /usr/lib/jvm/java-8-openjdk-amd64/jre/lib/jsse.jar
7f650866d000-7f650886d000 rw-p 00000000 00:00 0 
7f650886d000-7f6508a6d000 rw-p 00000000 00:00 0 
7f6508a6d000-7f6508c6d000 rw-p 00000000 00:00 0 
7f6508c6d000-7f6508e6d000 rw-p 00000000 00:00 0 
7f6508e6d000-7f650906d000 rw-p 00000000 00:00 0 
7f650906d000-7f6509070000 ---p 00000000 00:00 0 
7f6509070000-7f650936e000 rw-p 00000000 00:00 0 
7f650936e000-7f650956e000 rw-p 00000000 00:00 0 
7f650956e000-7f650976e000 rw-p 00000000 00:00 0 
7f650976e000-7f650996e000 rw-p 00000000 00:00 0 
7f650996e000-7f6509971000 ---p 00000000 00:00 0 
7f6509971000-7f6509c6f000 rw-p 00000000 00:00 0 
7f6509c6f000-7f6509e6f000 rw-p 00000000 00:00 0 
7f6509e6f000-7f650a06f000 rw-p 00000000 00:00 0 
7f650a06f000-7f650a072000 ---p 00000000 00:00 0 
7f650a072000-7f650a0a8000 rw-p 00000000 00:00 0 
7f650a0a8000-7f650a0ab000 r--s 00015000 08:01 1581228                    /home/navy/.m2/repository/org/junit/platform/junit-platform-launcher/1.3.1/junit-platform-launcher-1.3.1.jar
7f650a0ab000-7f650a0ae000 r--s 0000e000 08:01 1581234                    /home/navy/.m2/repository/org/apache/maven/surefire/surefire-junit-platform/2.22.2/surefire-junit-platform-2.22.2.jar
7f650a0ae000-7f650a0af000 r--s 00000000 08:01 1706738                    /home/navy/.m2/repository/org/hamcrest/hamcrest-core/2.1/hamcrest-core-2.1.jar
7f650a0af000-7f650a0b7000 r--s 00045000 08:01 1194930                    /home/navy/.m2/repository/junit/junit/4.12/junit-4.12.jar
7f650a0b7000-7f650a0ce000 r--s 00198000 08:01 1706736                    /home/navy/.m2/repository/org/projectlombok/lombok/1.18.10/lombok-1.18.10.jar
7f650a0ce000-7f650a0d0000 r--s 0000a000 08:01 1707051                    /home/navy/.m2/repository/org/springframework/spring-aspects/5.2.2.RELEASE/spring-aspects-5.2.2.RELEASE.jar
7f650a0d0000-7f650a0d5000 r--s 0002d000 08:01 1707057                    /home/navy/.m2/repository/org/springframework/spring-orm/5.2.2.RELEASE/spring-orm-5.2.2.RELEASE.jar
7f650a0d5000-7f650a0ee000 r--s 00110000 08:01 1707052                    /home/navy/.m2/repository/org/springframework/data/spring-data-commons/2.2.3.RELEASE/spring-data-commons-2.2.3.RELEASE.jar
7f650a0ee000-7f650a0f6000 r--s 00052000 08:01 1707049                    /home/navy/.m2/repository/org/springframework/data/spring-data-jpa/2.2.3.RELEASE/spring-data-jpa-2.2.3.RELEASE.jar
7f650a0f6000-7f650a0fb000 r--s 00049000 08:01 1707047                    /home/navy/.m2/repository/com/sun/xml/fastinfoset/FastInfoset/1.2.16/FastInfoset-1.2.16.jar
7f650a0fb000-7f650a0fd000 r--s 00008000 08:01 1707045                    /home/navy/.m2/repository/org/jvnet/staxex/stax-ex/1.8.1/stax-ex-1.8.1.jar
7f650a0fd000-7f650a0ff000 r--s 00005000 08:01 1707043                    /home/navy/.m2/repository/com/sun/istack/istack-commons-runtime/3.0.8/istack-commons-runtime-3.0.8.jar
7f650a0ff000-7f650a101000 r--s 00010000 08:01 1707041                    /home/navy/.m2/repository/org/glassfish/jaxb/txw2/2.3.2/txw2-2.3.2.jar
7f650a101000-7f650a116000 r--s 000e3000 08:01 1707042                    /home/navy/.m2/repository/org/glassfish/jaxb/jaxb-runtime/2.3.2/jaxb-runtime-2.3.2.jar
7f650a116000-7f650a119000 r--s 00010000 08:01 1707038                    /home/navy/.m2/repository/org/hibernate/common/hibernate-commons-annotations/5.1.0.Final/hibernate-commons-annotations-5.1.0.Final.jar
7f650a119000-7f650a11e000 r--s 0004b000 08:01 1707036                    /home/navy/.m2/repository/org/dom4j/dom4j/2.1.1/dom4j-2.1.1.jar
7f650a11e000-7f650a120000 r--s 0000f000 08:01 1581027                    /home/navy/.m2/repository/com/fasterxml/classmate/1.5.1/classmate-1.5.1.jar
7f650a120000-7f650a123000 r--s 0002d000 08:01 1707035                    /home/navy/.m2/repository/org/jboss/jandex/2.1.1.Final/jandex-2.1.1.Final.jar
7f650a123000-7f650a128000 r--s 00068000 08:01 1973374                    /home/navy/.m2/repository/antlr/antlr/2.7.7/antlr-2.7.7.jar
7f650a128000-7f650a132000 r--s 000b4000 08:01 1324862                    /home/navy/.m2/repository/org/javassist/javassist/3.24.0-GA/javassist-3.24.0-GA.jar
7f650a132000-7f650a134000 r--s 0000d000 08:01 1581023                    /home/navy/.m2/repository/org/jboss/logging/jboss-logging/3.4.1.Final/jboss-logging-3.4.1.Final.jar
7f650a134000-7f650a1ba000 r--s 0064e000 08:01 1707030                    /home/navy/.m2/repository/org/hibernate/hibernate-core/5.4.9.Final/hibernate-core-5.4.9.Final.jar
7f650a1ba000-7f650a1bb000 r--s 00003000 08:01 1585386                    /home/navy/.m2/repository/jakarta/transaction/jakarta.transaction-api/1.3.3/jakarta.transaction-api-1.3.3.jar
7f650a1bb000-7f650a1c1000 r--s 00023000 08:01 1585384                    /home/navy/.m2/repository/jakarta/persistence/jakarta.persistence-api/2.2.3/jakarta.persistence-api-2.2.3.jar
7f650a1c1000-7f650a1c3000 r--s 00009000 08:01 1581113                    /home/navy/.m2/repository/jakarta/activation/jakarta.activation-api/1.2.1/jakarta.activation-api-1.2.1.jar
7f650a1c3000-7f650a1dc000 r--s 001da000 08:01 1324860                    /home/navy/.m2/repository/org/aspectj/aspectjweaver/1.9.5/aspectjweaver-1.9.5.jar
7f650a1dc000-7f650a1dd000 r--s 00000000 08:01 1707031                    /home/navy/.m2/repository/org/springframework/boot/spring-boot-starter-aop/2.2.2.RELEASE/spring-boot-starter-aop-2.2.2.RELEASE.jar
7f650a1dd000-7f650a1de000 r--s 00000000 08:01 1707028                    /home/navy/.m2/repository/org/springframework/boot/spring-boot-starter-data-jpa/2.2.2.RELEASE/spring-boot-starter-data-jpa-2.2.2.RELEASE.jar
7f650a1de000-7f650a1e3000 r--s 00025000 08:01 1581060                    /home/navy/.m2/repository/org/xmlunit/xmlunit-core/2.6.3/xmlunit-core-2.6.3.jar
7f650a1e3000-7f650a1f2000 r--s 00097000 08:01 1581149                    /home/navy/.m2/repository/org/springframework/spring-test/5.2.2.RELEASE/spring-test-5.2.2.RELEASE.jar
7f650a1f2000-7f650a1f3000 r--s 00005000 08:01 1581145                    /home/navy/.m2/repository/org/springframework/spring-jcl/5.2.2.RELEASE/spring-jcl-5.2.2.RELEASE.jar
7f650a1f3000-7f650a20e000 r--s 00143000 08:01 1321737                    /home/navy/.m2/repository/org/springframework/spring-core/5.2.2.RELEASE/spring-core-5.2.2.RELEASE.jar
7f650a20e000-7f650a20f000 r--s 00004000 08:01 1581148                    /home/navy/.m2/repository/com/vaadin/external/google/android-json/0.0.20131108.vaadin1/android-json-0.0.20131108.vaadin1.jar
7f650a20f000-7f650a211000 r--s 00006000 08:01 1581146                    /home/navy/.m2/repository/org/skyscreamer/jsonassert/1.5.0/jsonassert-1.5.0.jar
7f650a211000-7f650a213000 r--s 0000c000 08:01 1581136                    /home/navy/.m2/repository/org/objenesis/objenesis/2.6/objenesis-2.6.jar
7f650a213000-7f650a217000 r--s 0003c000 08:01 1581153                    /home/navy/.m2/repository/net/bytebuddy/byte-buddy-agent/1.10.4/byte-buddy-agent-1.10.4.jar
7f650a217000-7f650a25f000 r--s 002e9000 08:01 1580991                    /home/navy/.m2/repository/net/bytebuddy/byte-buddy/1.10.4/byte-buddy-1.10.4.jar
7f650a25f000-7f650a270000 r--s 00080000 08:01 1575808                    /home/navy/.m2/repository/org/mockito/mockito-core/3.1.0/mockito-core-3.1.0.jar
7f650a270000-7f650a274000 r--s 0001b000 08:01 1581120                    /home/navy/.m2/repository/org/hamcrest/hamcrest/2.1/hamcrest-2.1.jar
7f650a274000-7f650a2d9000 r--s 003e1000 08:01 1581066                    /home/navy/.m2/repository/org/assertj/assertj-core/3.13.2/assertj-core-3.13.2.jar
7f650a2d9000-7f650a2da000 r--s 00001000 08:01 1581134                    /home/navy/.m2/repository/org/mockito/mockito-junit-jupiter/3.1.0/mockito-junit-jupiter-3.1.0.jar
7f650a2da000-7f650a2df000 r--s 00024000 08:01 1581126                    /home/navy/.m2/repository/org/junit/platform/junit-platform-engine/1.5.2/junit-platform-engine-1.5.2.jar
7f650a2df000-7f650a2e4000 r--s 00031000 08:01 1581117                    /home/navy/.m2/repository/org/junit/jupiter/junit-jupiter-engine/5.5.2/junit-jupiter-engine-5.5.2.jar
7f650a2e4000-7f650a2f1000 r--s 0007a000 08:01 1581119                    /home/navy/.m2/repository/org/junit/jupiter/junit-jupiter-params/5.5.2/junit-jupiter-params-5.5.2.jar
7f650a2f1000-7f650a2f3000 r--s 00015000 08:01 1581133                    /home/navy/.m2/repository/org/junit/platform/junit-platform-commons/1.5.2/junit-platform-commons-1.5.2.jar
7f650a2f3000-7f650a2f4000 r--s 00001000 08:01 1581128                    /home/navy/.m2/repository/org/opentest4j/opentest4j/1.2.0/opentest4j-1.2.0.jar
7f650a2f4000-7f650a2f5000 r--s 00000000 08:01 1581130                    /home/navy/.m2/repository/org/apiguardian/apiguardian-api/1.1.0/apiguardian-api-1.1.0.jar
7f650a2f5000-7f650a2f9000 r--s 0001f000 08:01 1581121                    /home/navy/.m2/repository/org/junit/jupiter/junit-jupiter-api/5.5.2/junit-jupiter-api-5.5.2.jar
7f650a2f9000-7f650a2fa000 r--s 00001000 08:01 1581115                    /home/navy/.m2/repository/org/junit/jupiter/junit-jupiter/5.5.2/junit-jupiter-5.5.2.jar
7f650a2fa000-7f650a2fe000 r--s 00019000 08:01 1581111                    /home/navy/.m2/repository/jakarta/xml/bind/jakarta.xml.bind-api/2.3.2/jakarta.xml.bind-api-2.3.2.jar
7f650a2fe000-7f650a300000 r--s 0000c000 08:01 1972507                    /home/navy/.m2/repository/org/ow2/asm/asm/5.0.4/asm-5.0.4.jar
7f650a300000-7f650a302000 r--s 00006000 08:01 1581109                    /home/navy/.m2/repository/net/minidev/accessors-smart/1.2/accessors-smart-1.2.jar
7f650a302000-7f650a305000 r--s 0001b000 08:01 1581107                    /home/navy/.m2/repository/net/minidev/json-smart/2.3/json-smart-2.3.jar
7f650a305000-7f650a30b000 r--s 00031000 08:01 1581071                    /home/navy/.m2/repository/com/jayway/jsonpath/json-path/2.4.0/json-path-2.4.0.jar
7f650a30b000-7f650a311000 r--s 00021000 08:01 1581077                    /home/navy/.m2/repository/org/springframework/boot/spring-boot-test-autoconfigure/2.2.2.RELEASE/spring-boot-test-autoconfigure-2.2.2.RELEASE.jar
7f650a311000-7f650a317000 r--s 0002e000 08:01 1581083                    /home/navy/.m2/repository/org/springframework/boot/spring-boot-test/2.2.2.RELEASE/spring-boot-test-2.2.2.RELEASE.jar
7f650a317000-7f650a318000 r--s 00000000 08:01 1581069                    /home/navy/.m2/repository/org/springframework/boot/spring-boot-starter-test/2.2.2.RELEASE/spring-boot-starter-test-2.2.2.RELEASE.jar
7f650a318000-7f650a32d000 r--s 0021e000 08:01 1707061                    /home/navy/.m2/repository/com/h2database/h2/1.4.200/h2-1.4.200.jar
7f650a32d000-7f650a332000 r--s 00040000 08:01 1581004                    /home/navy/.m2/repository/org/springframework/spring-expression/5.2.2.RELEASE/spring-expression-5.2.2.RELEASE.jar
7f650a332000-7f650a34e000 r--s 0010e000 08:01 1581039                    /home/navy/.m2/repository/org/springframework/spring-context/5.2.2.RELEASE/spring-context-5.2.2.RELEASE.jar
7f650a34e000-7f650a357000 r--s 00052000 08:01 1581035                    /home/navy/.m2/repository/org/springframework/spring-aop/5.2.2.RELEASE/spring-aop-5.2.2.RELEASE.jar
7f650a357000-7f650a369000 r--s 000d5000 08:01 1581033                    /home/navy/.m2/repository/org/springframework/spring-webmvc/5.2.2.RELEASE/spring-webmvc-5.2.2.RELEASE.jar
7f650a369000-7f650a386000 r--s 0013f000 08:01 1575800                    /home/navy/.m2/repository/org/springframework/spring-web/5.2.2.RELEASE/spring-web-5.2.2.RELEASE.jar
7f650a386000-7f650a3a3000 r--s 000fe000 08:01 1580988                    /home/navy/.m2/repository/org/hibernate/validator/hibernate-validator/6.0.18.Final/hibernate-validator-6.0.18.Final.jar
7f650a3a3000-7f650a3a8000 r--s 00012000 08:01 1581019                    /home/navy/.m2/repository/jakarta/validation/jakarta.validation-api/2.0.1/jakarta.validation-api-2.0.1.jar
7f650a3a8000-7f650a3a9000 r--s 00000000 08:01 1581017                    /home/navy/.m2/repository/org/springframework/boot/spring-boot-starter-validation/2.2.2.RELEASE/spring-boot-starter-validation-2.2.2.RELEASE.jar
7f650a3a9000-7f650a3ae000 r--s 0003c000 08:01 1195202                    /home/navy/.m2/repository/org/apache/tomcat/embed/tomcat-embed-websocket/9.0.29/tomcat-embed-websocket-9.0.29.jar
7f650a3ae000-7f650a3b3000 r--s 0003a000 08:01 1195204                    /home/navy/.m2/repository/org/apache/tomcat/embed/tomcat-embed-el/9.0.29/tomcat-embed-el-9.0.29.jar
7f650a3b3000-7f650a3df000 r--s 0030c000 08:01 1195200                    /home/navy/.m2/repository/org/apache/tomcat/embed/tomcat-embed-core/9.0.29/tomcat-embed-core-9.0.29.jar
7f650a3df000-7f650a3e0000 r--s 00000000 08:01 1581010                    /home/navy/.m2/repository/org/springframework/boot/spring-boot-starter-tomcat/2.2.2.RELEASE/spring-boot-starter-tomcat-2.2.2.RELEASE.jar
7f650a3e0000-7f650a3e2000 r--s 00001000 08:01 1581002                    /home/navy/.m2/repository/com/fasterxml/jackson/module/jackson-module-parameter-names/2.10.1/jackson-module-parameter-names-2.10.1.jar
7f650a3e2000-7f650a3e5000 r--s 00017000 08:01 1581001                    /home/navy/.m2/repository/com/fasterxml/jackson/datatype/jackson-datatype-jsr310/2.10.1/jackson-datatype-jsr310-2.10.1.jar
7f650a3e5000-7f650a3e7000 r--s 00007000 08:01 1581045                    /home/navy/.m2/repository/com/fasterxml/jackson/datatype/jackson-datatype-jdk8/2.10.1/jackson-datatype-jdk8-2.10.1.jar
7f650a3e7000-7f650a3ec000 r--s 00051000 08:01 1581043                    /home/navy/.m2/repository/com/fasterxml/jackson/core/jackson-core/2.10.1/jackson-core-2.10.1.jar
7f650a3ec000-7f650a3ef000 r--s 0000e000 08:01 1581048                    /home/navy/.m2/repository/com/fasterxml/jackson/core/jackson-annotations/2.10.1/jackson-annotations-2.10.1.jar
7f650a3ef000-7f650a404000 r--s 00142000 08:01 1580998                    /home/navy/.m2/repository/com/fasterxml/jackson/core/jackson-databind/2.10.1/jackson-databind-2.10.1.jar
7f650a404000-7f650a405000 r--s 00000000 08:01 1581041                    /home/navy/.m2/repository/org/springframework/boot/spring-boot-starter-json/2.2.2.RELEASE/spring-boot-starter-json-2.2.2.RELEASE.jar
7f650a405000-7f650a406000 r--s 00000000 08:01 1194907                    /home/navy/.m2/repository/org/springframework/boot/spring-boot-starter-web/2.2.2.RELEASE/spring-boot-starter-web-2.2.2.RELEASE.jar
7f650a406000-7f650a407000 r--s 00009000 08:01 1707067                    /home/navy/.m2/repository/org/thymeleaf/extras/thymeleaf-extras-java8time/3.0.4.RELEASE/thymeleaf-extras-java8time-3.0.4.RELEASE.jar
7f650a407000-7f650a40a000 r--s 00028000 08:01 1707065                    /home/navy/.m2/repository/org/unbescape/unbescape/1.1.6.RELEASE/unbescape-1.1.6.RELEASE.jar
7f650a40a000-7f650a40f000 r--s 00037000 08:01 1707063                    /home/navy/.m2/repository/org/attoparser/attoparser/2.0.5.RELEASE/attoparser-2.0.5.RELEASE.jar
7f650a40f000-7f650a41f000 r--s 000c5000 08:01 1707068                    /home/navy/.m2/repository/org/thymeleaf/thymeleaf/3.0.11.RELEASE/thymeleaf-3.0.11.RELEASE.jar
7f650a41f000-7f650a424000 r--s 00027000 08:01 1707055                    /home/navy/.m2/repository/org/thymeleaf/thymeleaf-spring5/3.0.11.RELEASE/thymeleaf-spring5-3.0.11.RELEASE.jar
7f650a424000-7f650a42d000 r--s 00044000 08:01 1581054                    /home/navy/.m2/repository/org/springframework/spring-tx/5.2.2.RELEASE/spring-tx-5.2.2.RELEASE.jar
7f650a42d000-7f650a43a000 r--s 0009b000 08:01 1581029                    /home/navy/.m2/repository/org/springframework/spring-beans/5.2.2.RELEASE/spring-beans-5.2.2.RELEASE.jar
7f650a43a000-7f650a444000 r--s 0005a000 08:01 1580985                    /home/navy/.m2/repository/org/springframework/spring-jdbc/5.2.2.RELEASE/spring-jdbc-5.2.2.RELEASE.jar
7f650a444000-7f650a446000 r--s 00009000 08:01 1972512                    /home/navy/.m2/repository/org/slf4j/slf4j-api/1.7.29/slf4j-api-1.7.29.jar
7f650a446000-7f650a449000 r--s 00023000 08:01 1581051                    /home/navy/.m2/repository/com/zaxxer/HikariCP/3.4.1/HikariCP-3.4.1.jar
7f650a449000-7f650a450000 r--s 00044000 08:01 1580996                    /home/navy/.m2/repository/org/yaml/snakeyaml/1.25/snakeyaml-1.25.jar
7f650a450000-7f650a452000 r--s 00005000 08:01 1581037                    /home/navy/.m2/repository/jakarta/annotation/jakarta.annotation-api/1.3.5/jakarta.annotation-api-1.3.5.jar
7f650a452000-7f650a458000 r--s 0003e000 08:01 1581031                    /home/navy/.m2/repository/org/apache/logging/log4j/log4j-api/2.12.1/log4j-api-2.12.1.jar
7f650a458000-7f650a47f000 r--s 0012c000 08:01 1580981                    /home/navy/.m2/repository/org/springframework/boot/spring-boot-autoconfigure/2.2.2.RELEASE/spring-boot-autoconfigure-2.2.2.RELEASE.jar
7f650a47f000-7f650a482000 ---p 00000000 00:00 0 
7f650a482000-7f650a580000 rw-p 00000000 00:00 0 
7f650a580000-7f650a583000 ---p 00000000 00:00 0 
7f650a583000-7f650a681000 rw-p 00000000 00:00 0 
7f650a681000-7f650a682000 ---p 00000000 00:00 0 
7f650a682000-7f650a782000 rw-p 00000000 00:00 0 
7f650a782000-7f650a785000 ---p 00000000 00:00 0 
7f650a785000-7f650a883000 rw-p 00000000 00:00 0 
7f650a883000-7f650a884000 ---p 00000000 00:00 0 
7f650a884000-7f650a887000 ---p 00000000 00:00 0 
7f650a887000-7f650a984000 rw-p 00000000 00:00 0 
7f650a984000-7f650a985000 ---p 00000000 00:00 0 
7f650a985000-7f650a988000 ---p 00000000 00:00 0 
7f650a988000-7f650aa85000 rw-p 00000000 00:00 0 
7f650aa85000-7f650aa86000 ---p 00000000 00:00 0 
7f650aa86000-7f650aa89000 ---p 00000000 00:00 0 
7f650aa89000-7f650ab86000 rw-p 00000000 00:00 0 
7f650ab86000-7f650ab89000 ---p 00000000 00:00 0 
7f650ab89000-7f650ac87000 rw-p 00000000 00:00 0 
7f650ac87000-7f650b4f5000 r--p 00000000 08:01 2106997                    /usr/lib/locale/locale-archive
7f650b4f5000-7f650b4f8000 ---p 00000000 00:00 0 
7f650b4f8000-7f650b5f6000 rw-p 00000000 00:00 0 
7f650b5f6000-7f650b5f9000 ---p 00000000 00:00 0 
7f650b5f9000-7f650b6f7000 rw-p 00000000 00:00 0 
7f650b6f7000-7f650b6f8000 ---p 00000000 00:00 0 
7f650b6f8000-7f650c000000 rw-p 00000000 00:00 0 
7f650c000000-7f650c042000 rw-p 00000000 00:00 0 
7f650c042000-7f6510000000 ---p 00000000 00:00 0 
7f6510000000-7f6510001000 r--s 00000000 08:01 1707058                    /home/navy/.m2/repository/org/springframework/boot/spring-boot-starter-thymeleaf/2.2.2.RELEASE/spring-boot-starter-thymeleaf-2.2.2.RELEASE.jar
7f6510001000-7f6510003000 r--s 00000000 08:01 1972510                    /home/navy/.m2/repository/org/slf4j/jul-to-slf4j/1.7.29/jul-to-slf4j-1.7.29.jar
7f6510003000-7f6510005000 r--s 00003000 08:01 1194911                    /home/navy/.m2/repository/org/apache/logging/log4j/log4j-to-slf4j/2.12.1/log4j-to-slf4j-2.12.1.jar
7f6510005000-7f6510010000 r--s 00069000 08:01 1581025                    /home/navy/.m2/repository/ch/qos/logback/logback-core/1.2.3/logback-core-1.2.3.jar
7f6510010000-7f6510016000 r--s 00041000 08:01 1580987                    /home/navy/.m2/repository/ch/qos/logback/logback-classic/1.2.3/logback-classic-1.2.3.jar
7f6510016000-7f6510017000 r--s 00000000 08:01 1581021                    /home/navy/.m2/repository/org/springframework/boot/spring-boot-starter-logging/2.2.2.RELEASE/spring-boot-starter-logging-2.2.2.RELEASE.jar
7f6510017000-7f651002e000 r--s 000e8000 08:01 1321733                    /home/navy/.m2/repository/org/springframework/boot/spring-boot/2.2.2.RELEASE/spring-boot-2.2.2.RELEASE.jar
7f651002e000-7f651002f000 r--s 00000000 08:01 1321739                    /home/navy/.m2/repository/org/springframework/boot/spring-boot-starter/2.2.2.RELEASE/spring-boot-starter-2.2.2.RELEASE.jar
7f651002f000-7f6510030000 r--s 00000000 08:01 1581049                    /home/navy/.m2/repository/org/springframework/boot/spring-boot-starter-jdbc/2.2.2.RELEASE/spring-boot-starter-jdbc-2.2.2.RELEASE.jar
7f6510030000-7f6510034000 r--p 00000000 08:01 2105952                    /usr/lib/jvm/java-8-openjdk-amd64/jre/lib/amd64/libmanagement.so
7f6510034000-7f6510038000 r-xp 00004000 08:01 2105952                    /usr/lib/jvm/java-8-openjdk-amd64/jre/lib/amd64/libmanagement.so
7f6510038000-7f651003a000 r--p 00008000 08:01 2105952                    /usr/lib/jvm/java-8-openjdk-amd64/jre/lib/amd64/libmanagement.so
7f651003a000-7f651003b000 r--p 00009000 08:01 2105952                    /usr/lib/jvm/java-8-openjdk-amd64/jre/lib/amd64/libmanagement.so
7f651003b000-7f651003c000 rw-p 0000a000 08:01 2105952                    /usr/lib/jvm/java-8-openjdk-amd64/jre/lib/amd64/libmanagement.so
7f651003c000-7f651003e000 r--s 00002000 08:01 1581189                    /home/navy/.m2/repository/org/apache/maven/surefire/surefire-logger-api/2.22.2/surefire-logger-api-2.22.2.jar
7f651003e000-7f6510043000 r--s 00029000 08:01 1972644                    /home/navy/.m2/repository/org/apache/maven/surefire/surefire-api/2.22.2/surefire-api-2.22.2.jar
7f6510043000-7f6510047000 r--p 00000000 08:01 2105954                    /usr/lib/jvm/java-8-openjdk-amd64/jre/lib/amd64/libnet.so
7f6510047000-7f6510056000 r-xp 00004000 08:01 2105954                    /usr/lib/jvm/java-8-openjdk-amd64/jre/lib/amd64/libnet.so
7f6510056000-7f651005a000 r--p 00013000 08:01 2105954                    /usr/lib/jvm/java-8-openjdk-amd64/jre/lib/amd64/libnet.so
7f651005a000-7f651005b000 r--p 00016000 08:01 2105954                    /usr/lib/jvm/java-8-openjdk-amd64/jre/lib/amd64/libnet.so
7f651005b000-7f651005c000 rw-p 00017000 08:01 2105954                    /usr/lib/jvm/java-8-openjdk-amd64/jre/lib/amd64/libnet.so
7f651005c000-7f6510063000 r--p 00000000 08:01 2105955                    /usr/lib/jvm/java-8-openjdk-amd64/jre/lib/amd64/libnio.so
7f6510063000-7f651006b000 r-xp 00007000 08:01 2105955                    /usr/lib/jvm/java-8-openjdk-amd64/jre/lib/amd64/libnio.so
7f651006b000-7f651006e000 r--p 0000f000 08:01 2105955                    /usr/lib/jvm/java-8-openjdk-amd64/jre/lib/amd64/libnio.so
7f651006e000-7f651006f000 r--p 00011000 08:01 2105955                    /usr/lib/jvm/java-8-openjdk-amd64/jre/lib/amd64/libnio.so
7f651006f000-7f6510070000 rw-p 00012000 08:01 2105955                    /usr/lib/jvm/java-8-openjdk-amd64/jre/lib/amd64/libnio.so
7f6510070000-7f6510074000 r--s 0003f000 08:01 1972648                    /home/navy/.m2/repository/org/apache/maven/surefire/surefire-booter/2.22.2/surefire-booter-2.22.2.jar
7f6510074000-7f6510075000 r--s 00002000 08:01 1708103                    /home/navy/IdeaProjects/MAC_Query/target/surefire/surefirebooter980975539328912275.jar
7f6510075000-7f6510090000 r--s 00394000 08:01 2105973                    /usr/lib/jvm/java-8-openjdk-amd64/jre/lib/ext/cldrdata.jar
7f6510090000-7f65100ab000 r--s 001d6000 08:01 2105978                    /usr/lib/jvm/java-8-openjdk-amd64/jre/lib/ext/nashorn.jar
7f65100ab000-7f6511000000 rw-p 00000000 00:00 0 
7f6511000000-7f6511e00000 rwxp 00000000 00:00 0 
7f6511e00000-7f6520000000 ---p 00000000 00:00 0 
7f6520000000-7f6521e79000 rw-p 00000000 00:00 0 
7f6521e79000-7f6524000000 ---p 00000000 00:00 0 
7f6524000000-7f6524003000 r--s 0000f000 08:01 2105975                    /usr/lib/jvm/java-8-openjdk-amd64/jre/lib/ext/icedtea-sound.jar
7f6524003000-7f6524007000 r--s 0003a000 08:01 2105981                    /usr/lib/jvm/java-8-openjdk-amd64/jre/lib/ext/sunpkcs11.jar
7f6524007000-7f6524009000 r--s 00007000 08:01 144852                     /usr/share/java/java-atk-wrapper.jar
7f6524009000-7f6524013000 r--s 00116000 08:01 2105977                    /usr/lib/jvm/java-8-openjdk-amd64/jre/lib/ext/localedata.jar
7f6524013000-7f65241e3000 r--s 03c5f000 08:01 2105999                    /usr/lib/jvm/java-8-openjdk-amd64/jre/lib/rt.jar
7f65241e3000-7f6526352000 rw-p 00000000 00:00 0 
7f6526352000-7f6526353000 ---p 00000000 00:00 0 
7f6526353000-7f6526453000 rw-p 00000000 00:00 0 
7f6526453000-7f6526454000 ---p 00000000 00:00 0 
7f6526454000-7f6526554000 rw-p 00000000 00:00 0 
7f6526554000-7f6526555000 ---p 00000000 00:00 0 
7f6526555000-7f6526655000 rw-p 00000000 00:00 0 
7f6526655000-7f6526656000 ---p 00000000 00:00 0 
7f6526656000-7f652676f000 rw-p 00000000 00:00 0 
7f652676f000-7f652689d000 ---p 00000000 00:00 0 
7f652689d000-7f65268b6000 rw-p 00000000 00:00 0 
7f65268b6000-7f65269e3000 ---p 00000000 00:00 0 
7f65269e3000-7f6526a5c000 rw-p 00000000 00:00 0 
7f6526a5c000-7f6526a87000 ---p 00000000 00:00 0 
7f6526a87000-7f6526ac0000 rw-p 00000000 00:00 0 
7f6526ac0000-7f6526e48000 ---p 00000000 00:00 0 
7f6526e48000-7f6526e4b000 r--p 00000000 08:01 2109069                    /usr/lib/x86_64-linux-gnu/libnss_files-2.29.so
7f6526e4b000-7f6526e52000 r-xp 00003000 08:01 2109069                    /usr/lib/x86_64-linux-gnu/libnss_files-2.29.so
7f6526e52000-7f6526e54000 r--p 0000a000 08:01 2109069                    /usr/lib/x86_64-linux-gnu/libnss_files-2.29.so
7f6526e54000-7f6526e55000 r--p 0000b000 08:01 2109069                    /usr/lib/x86_64-linux-gnu/libnss_files-2.29.so
7f6526e55000-7f6526e56000 rw-p 0000c000 08:01 2109069                    /usr/lib/x86_64-linux-gnu/libnss_files-2.29.so
7f6526e56000-7f6526e5c000 rw-p 00000000 00:00 0 
7f6526e5c000-7f6526e5d000 r--s 00010000 08:01 2105982                    /usr/lib/jvm/java-8-openjdk-amd64/jre/lib/ext/zipfs.jar
7f6526e5d000-7f6526e62000 r--s 0003d000 08:01 2105980                    /usr/lib/jvm/java-8-openjdk-amd64/jre/lib/ext/sunjce_provider.jar
7f6526e62000-7f6526e65000 r--p 00000000 08:01 2105962                    /usr/lib/jvm/java-8-openjdk-amd64/jre/lib/amd64/libzip.so
7f6526e65000-7f6526e69000 r-xp 00003000 08:01 2105962                    /usr/lib/jvm/java-8-openjdk-amd64/jre/lib/amd64/libzip.so
7f6526e69000-7f6526e6b000 r--p 00007000 08:01 2105962                    /usr/lib/jvm/java-8-openjdk-amd64/jre/lib/amd64/libzip.so
7f6526e6b000-7f6526e6c000 r--p 00008000 08:01 2105962                    /usr/lib/jvm/java-8-openjdk-amd64/jre/lib/amd64/libzip.so
7f6526e6c000-7f6526e6d000 rw-p 00009000 08:01 2105962                    /usr/lib/jvm/java-8-openjdk-amd64/jre/lib/amd64/libzip.so
7f6526e6d000-7f6526e75000 rw-s 00000000 08:01 1966127                    /tmp/hsperfdata_navy/11110
7f6526e75000-7f6526e82000 r--p 00000000 08:01 2105943                    /usr/lib/jvm/java-8-openjdk-amd64/jre/lib/amd64/libjava.so
7f6526e82000-7f6526e99000 r-xp 0000d000 08:01 2105943                    /usr/lib/jvm/java-8-openjdk-amd64/jre/lib/amd64/libjava.so
7f6526e99000-7f6526ea0000 r--p 00024000 08:01 2105943                    /usr/lib/jvm/java-8-openjdk-amd64/jre/lib/amd64/libjava.so
7f6526ea0000-7f6526ea1000 r--p 0002a000 08:01 2105943                    /usr/lib/jvm/java-8-openjdk-amd64/jre/lib/amd64/libjava.so
7f6526ea1000-7f6526ea3000 rw-p 0002b000 08:01 2105943                    /usr/lib/jvm/java-8-openjdk-amd64/jre/lib/amd64/libjava.so
7f6526ea3000-7f6526ea6000 r--p 00000000 08:01 2109199                    /usr/lib/x86_64-linux-gnu/librt-2.29.so
7f6526ea6000-7f6526eaa000 r-xp 00003000 08:01 2109199                    /usr/lib/x86_64-linux-gnu/librt-2.29.so
7f6526eaa000-7f6526eac000 r--p 00007000 08:01 2109199                    /usr/lib/x86_64-linux-gnu/librt-2.29.so
7f6526eac000-7f6526ead000 r--p 00008000 08:01 2109199                    /usr/lib/x86_64-linux-gnu/librt-2.29.so
7f6526ead000-7f6526eae000 rw-p 00009000 08:01 2109199                    /usr/lib/x86_64-linux-gnu/librt-2.29.so
7f6526eae000-7f6526eaf000 ---p 00000000 00:00 0 
7f6526eaf000-7f6526eb2000 ---p 00000000 00:00 0 
7f6526eb2000-7f6526faf000 rw-p 00000000 00:00 0 
7f6526faf000-7f6526fb2000 r--p 00000000 08:01 2104247                    /usr/lib/x86_64-linux-gnu/libgcc_s.so.1
7f6526fb2000-7f6526fc3000 r-xp 00003000 08:01 2104247                    /usr/lib/x86_64-linux-gnu/libgcc_s.so.1
7f6526fc3000-7f6526fc7000 r--p 00014000 08:01 2104247                    /usr/lib/x86_64-linux-gnu/libgcc_s.so.1
7f6526fc7000-7f6526fc8000 r--p 00017000 08:01 2104247                    /usr/lib/x86_64-linux-gnu/libgcc_s.so.1
7f6526fc8000-7f6526fc9000 rw-p 00018000 08:01 2104247                    /usr/lib/x86_64-linux-gnu/libgcc_s.so.1
7f6526fc9000-7f6526fd8000 r--p 00000000 08:01 2108993                    /usr/lib/x86_64-linux-gnu/libm-2.29.so
7f6526fd8000-7f652707e000 r-xp 0000f000 08:01 2108993                    /usr/lib/x86_64-linux-gnu/libm-2.29.so
7f652707e000-7f6527115000 r--p 000b5000 08:01 2108993                    /usr/lib/x86_64-linux-gnu/libm-2.29.so
7f6527115000-7f6527116000 r--p 0014b000 08:01 2108993                    /usr/lib/x86_64-linux-gnu/libm-2.29.so
7f6527116000-7f6527117000 rw-p 0014c000 08:01 2108993                    /usr/lib/x86_64-linux-gnu/libm-2.29.so
7f6527117000-7f65271ac000 r--p 00000000 08:01 2104175                    /usr/lib/x86_64-linux-gnu/libstdc++.so.6.0.26
7f65271ac000-7f652729e000 r-xp 00095000 08:01 2104175                    /usr/lib/x86_64-linux-gnu/libstdc++.so.6.0.26
7f652729e000-7f65272e7000 r--p 00187000 08:01 2104175                    /usr/lib/x86_64-linux-gnu/libstdc++.so.6.0.26
7f65272e7000-7f65272e8000 ---p 001d0000 08:01 2104175                    /usr/lib/x86_64-linux-gnu/libstdc++.so.6.0.26
7f65272e8000-7f65272f3000 r--p 001d0000 08:01 2104175                    /usr/lib/x86_64-linux-gnu/libstdc++.so.6.0.26
7f65272f3000-7f65272f6000 rw-p 001db000 08:01 2104175                    /usr/lib/x86_64-linux-gnu/libstdc++.so.6.0.26
7f65272f6000-7f65272f9000 rw-p 00000000 00:00 0 
7f65272f9000-7f65274e9000 r--p 00000000 08:01 2105964                    /usr/lib/jvm/java-8-openjdk-amd64/jre/lib/amd64/server/libjvm.so
7f65274e9000-7f6527d3d000 r-xp 001f0000 08:01 2105964                    /usr/lib/jvm/java-8-openjdk-amd64/jre/lib/amd64/server/libjvm.so
7f6527d3d000-7f6527eda000 r--p 00a44000 08:01 2105964                    /usr/lib/jvm/java-8-openjdk-amd64/jre/lib/amd64/server/libjvm.so
7f6527eda000-7f6527edb000 ---p 00be1000 08:01 2105964                    /usr/lib/jvm/java-8-openjdk-amd64/jre/lib/amd64/server/libjvm.so
7f6527edb000-7f6527f6f000 r--p 00be1000 08:01 2105964                    /usr/lib/jvm/java-8-openjdk-amd64/jre/lib/amd64/server/libjvm.so
7f6527f6f000-7f6527f98000 rw-p 00c75000 08:01 2105964                    /usr/lib/jvm/java-8-openjdk-amd64/jre/lib/amd64/server/libjvm.so
7f6527f98000-7f6527fca000 rw-p 00000000 00:00 0 
7f6527fca000-7f6527fd1000 r--p 00000000 08:01 2109163                    /usr/lib/x86_64-linux-gnu/libpthread-2.29.so
7f6527fd1000-7f6527fe0000 r-xp 00007000 08:01 2109163                    /usr/lib/x86_64-linux-gnu/libpthread-2.29.so
7f6527fe0000-7f6527fe5000 r--p 00016000 08:01 2109163                    /usr/lib/x86_64-linux-gnu/libpthread-2.29.so
7f6527fe5000-7f6527fe6000 r--p 0001a000 08:01 2109163                    /usr/lib/x86_64-linux-gnu/libpthread-2.29.so
7f6527fe6000-7f6527fe7000 rw-p 0001b000 08:01 2109163                    /usr/lib/x86_64-linux-gnu/libpthread-2.29.so
7f6527fe7000-7f6527feb000 rw-p 00000000 00:00 0 
7f6527feb000-7f6527fec000 r--p 00000000 08:01 2108727                    /usr/lib/x86_64-linux-gnu/libdl-2.29.so
7f6527fec000-7f6527fee000 r-xp 00001000 08:01 2108727                    /usr/lib/x86_64-linux-gnu/libdl-2.29.so
7f6527fee000-7f6527fef000 r--p 00003000 08:01 2108727                    /usr/lib/x86_64-linux-gnu/libdl-2.29.so
7f6527fef000-7f6527ff0000 r--p 00003000 08:01 2108727                    /usr/lib/x86_64-linux-gnu/libdl-2.29.so
7f6527ff0000-7f6527ff1000 rw-p 00004000 08:01 2108727                    /usr/lib/x86_64-linux-gnu/libdl-2.29.so
7f6527ff1000-7f6527ff3000 r--p 00000000 08:01 2109399                    /usr/lib/x86_64-linux-gnu/libz.so.1.2.11
7f6527ff3000-7f6528004000 r-xp 00002000 08:01 2109399                    /usr/lib/x86_64-linux-gnu/libz.so.1.2.11
7f6528004000-7f652800a000 r--p 00013000 08:01 2109399                    /usr/lib/x86_64-linux-gnu/libz.so.1.2.11
7f652800a000-7f652800b000 ---p 00019000 08:01 2109399                    /usr/lib/x86_64-linux-gnu/libz.so.1.2.11
7f652800b000-7f652800c000 r--p 00019000 08:01 2109399                    /usr/lib/x86_64-linux-gnu/libz.so.1.2.11
7f652800c000-7f652800d000 rw-p 0001a000 08:01 2109399                    /usr/lib/x86_64-linux-gnu/libz.so.1.2.11
7f652800d000-7f6528032000 r--p 00000000 08:01 2108659                    /usr/lib/x86_64-linux-gnu/libc-2.29.so
7f6528032000-7f65281a5000 r-xp 00025000 08:01 2108659                    /usr/lib/x86_64-linux-gnu/libc-2.29.so
7f65281a5000-7f65281ee000 r--p 00198000 08:01 2108659                    /usr/lib/x86_64-linux-gnu/libc-2.29.so
7f65281ee000-7f65281f1000 r--p 001e0000 08:01 2108659                    /usr/lib/x86_64-linux-gnu/libc-2.29.so
7f65281f1000-7f65281f4000 rw-p 001e3000 08:01 2108659                    /usr/lib/x86_64-linux-gnu/libc-2.29.so
7f65281f4000-7f65281f8000 rw-p 00000000 00:00 0 
7f65281f8000-7f65281f9000 r--s 0000d000 08:01 2105979                    /usr/lib/jvm/java-8-openjdk-amd64/jre/lib/ext/sunec.jar
7f65281f9000-7f65281fa000 r--s 0000a000 08:01 2105976                    /usr/lib/jvm/java-8-openjdk-amd64/jre/lib/ext/jaccess.jar
7f65281fa000-7f65281fc000 r--s 00001000 08:01 2105974                    /usr/lib/jvm/java-8-openjdk-amd64/jre/lib/ext/dnsns.jar
7f65281fc000-7f65281fd000 rw-p 00000000 00:00 0 
7f65281fd000-7f65281fe000 ---p 00000000 00:00 0 
7f65281fe000-7f6528203000 r--p 00000000 08:01 2105961                    /usr/lib/jvm/java-8-openjdk-amd64/jre/lib/amd64/libverify.so
7f6528203000-7f652820c000 r-xp 00005000 08:01 2105961                    /usr/lib/jvm/java-8-openjdk-amd64/jre/lib/amd64/libverify.so
7f652820c000-7f652820e000 r--p 0000e000 08:01 2105961                    /usr/lib/jvm/java-8-openjdk-amd64/jre/lib/amd64/libverify.so
7f652820e000-7f6528210000 r--p 0000f000 08:01 2105961                    /usr/lib/jvm/java-8-openjdk-amd64/jre/lib/amd64/libverify.so
7f6528210000-7f6528211000 rw-p 00011000 08:01 2105961                    /usr/lib/jvm/java-8-openjdk-amd64/jre/lib/amd64/libverify.so
7f6528211000-7f6528213000 r--p 00000000 08:01 2105928                    /usr/lib/jvm/java-8-openjdk-amd64/jre/lib/amd64/jli/libjli.so
7f6528213000-7f652821c000 r-xp 00002000 08:01 2105928                    /usr/lib/jvm/java-8-openjdk-amd64/jre/lib/amd64/jli/libjli.so
7f652821c000-7f652821f000 r--p 0000b000 08:01 2105928                    /usr/lib/jvm/java-8-openjdk-amd64/jre/lib/amd64/jli/libjli.so
7f652821f000-7f6528220000 r--p 0000d000 08:01 2105928                    /usr/lib/jvm/java-8-openjdk-amd64/jre/lib/amd64/jli/libjli.so
7f6528220000-7f6528221000 rw-p 0000e000 08:01 2105928                    /usr/lib/jvm/java-8-openjdk-amd64/jre/lib/amd64/jli/libjli.so
7f6528221000-7f6528223000 rw-p 00000000 00:00 0 
7f6528223000-7f6528224000 r--p 00000000 08:01 2108394                    /usr/lib/x86_64-linux-gnu/ld-2.29.so
7f6528224000-7f6528245000 r-xp 00001000 08:01 2108394                    /usr/lib/x86_64-linux-gnu/ld-2.29.so
7f6528245000-7f652824d000 r--p 00022000 08:01 2108394                    /usr/lib/x86_64-linux-gnu/ld-2.29.so
7f652824d000-7f652824e000 r--p 00029000 08:01 2108394                    /usr/lib/x86_64-linux-gnu/ld-2.29.so
7f652824e000-7f652824f000 rw-p 0002a000 08:01 2108394                    /usr/lib/x86_64-linux-gnu/ld-2.29.so
7f652824f000-7f6528250000 rw-p 00000000 00:00 0 
7ffe8a2fd000-7ffe8a31e000 rw-p 00000000 00:00 0                          [stack]
7ffe8a367000-7ffe8a36a000 r--p 00000000 00:00 0                          [vvar]
7ffe8a36a000-7ffe8a36b000 r-xp 00000000 00:00 0                          [vdso]
ffffffffff600000-ffffffffff601000 r-xp 00000000 00:00 0                  [vsyscall]

VM Arguments:
java_command: /home/navy/IdeaProjects/MAC_Query/target/surefire/surefirebooter980975539328912275.jar /home/navy/IdeaProjects/MAC_Query/target/surefire 2019-12-30T23-55-40_161-jvmRun1 surefire3565525029581255747tmp surefire_05476964244791644018tmp
java_class_path (initial): /home/navy/IdeaProjects/MAC_Query/target/surefire/surefirebooter980975539328912275.jar
Launcher Type: SUN_STANDARD

Environment Variables:
PATH=/usr/local/sbin:/usr/local/bin:/usr/sbin:/usr/bin:/sbin:/bin:/usr/games:/usr/local/games
SHELL=/usr/bin/zsh
DISPLAY=:0

Signal Handlers:
SIGSEGV: [libjvm.so+0xa23e00], sa_mask[0]=11111111011111111101111111111110, sa_flags=SA_RESTART|SA_SIGINFO
SIGBUS: [libjvm.so+0xa23e00], sa_mask[0]=11111111011111111101111111111110, sa_flags=SA_RESTART|SA_SIGINFO
SIGFPE: [libjvm.so+0x884ec0], sa_mask[0]=11111111011111111101111111111110, sa_flags=SA_RESTART|SA_SIGINFO
SIGPIPE: [libjvm.so+0x884ec0], sa_mask[0]=11111111011111111101111111111110, sa_flags=SA_RESTART|SA_SIGINFO
SIGXFSZ: [libjvm.so+0x884ec0], sa_mask[0]=11111111011111111101111111111110, sa_flags=SA_RESTART|SA_SIGINFO
SIGILL: [libjvm.so+0x884ec0], sa_mask[0]=11111111011111111101111111111110, sa_flags=SA_RESTART|SA_SIGINFO
SIGUSR1: SIG_DFL, sa_mask[0]=00000000000000000000000000000000, sa_flags=none
SIGUSR2: [libjvm.so+0x884d60], sa_mask[0]=00100000000000000000000000000000, sa_flags=SA_RESTART|SA_SIGINFO
SIGHUP: [libjvm.so+0x885140], sa_mask[0]=11111111011111111101111111111110, sa_flags=SA_RESTART|SA_SIGINFO
SIGINT: [libjvm.so+0x885140], sa_mask[0]=11111111011111111101111111111110, sa_flags=SA_RESTART|SA_SIGINFO
SIGTERM: [libjvm.so+0x885140], sa_mask[0]=11111111011111111101111111111110, sa_flags=SA_RESTART|SA_SIGINFO
SIGQUIT: [libjvm.so+0x885140], sa_mask[0]=11111111011111111101111111111110, sa_flags=SA_RESTART|SA_SIGINFO


---------------  S Y S T E M  ---------------

OS:DISTRIB_ID=Ubuntu
DISTRIB_RELEASE=19.04
DISTRIB_CODENAME=disco
DISTRIB_DESCRIPTION="Ubuntu 19.04"

uname:Linux 5.0.0-37-generic #40-Ubuntu SMP Thu Nov 14 00:14:01 UTC 2019 x86_64
libc:glibc 2.29 NPTL 2.29 
rlimit: STACK 8192k, CORE 0k, NPROC 15384, NOFILE 1048576, AS infinity
load average:1.20 0.62 0.43

/proc/meminfo:
MemTotal:        4012652 kB
MemFree:          101816 kB
MemAvailable:      20444 kB
Buffers:             824 kB
Cached:            48776 kB
SwapCached:            0 kB
Active:          3550268 kB
Inactive:          41024 kB
Active(anon):    3542776 kB
Inactive(anon):    33364 kB
Active(file):       7492 kB
Inactive(file):     7660 kB
Unevictable:          32 kB
Mlocked:              32 kB
SwapTotal:             0 kB
SwapFree:              0 kB
Dirty:                60 kB
Writeback:             0 kB
AnonPages:       3541756 kB
Mapped:            45108 kB
Shmem:             34416 kB
KReclaimable:      62928 kB
Slab:             177320 kB
SReclaimable:      62928 kB
SUnreclaim:       114392 kB
KernelStack:       13040 kB
PageTables:        20544 kB
NFS_Unstable:          0 kB
Bounce:                0 kB
WritebackTmp:          0 kB
CommitLimit:     2006324 kB
Committed_AS:    5316292 kB
VmallocTotal:   34359738367 kB
VmallocUsed:           0 kB
VmallocChunk:          0 kB
Percpu:            61440 kB
HardwareCorrupted:     0 kB
AnonHugePages:         0 kB
ShmemHugePages:        0 kB
ShmemPmdMapped:        0 kB
CmaTotal:              0 kB
CmaFree:               0 kB
HugePages_Total:       0
HugePages_Free:        0
HugePages_Rsvd:        0
HugePages_Surp:        0
Hugepagesize:       2048 kB
Hugetlb:               0 kB
DirectMap4k:      206656 kB
DirectMap2M:     3987456 kB

container (cgroup) information:
container_type: cgroupv1
cpu_cpuset_cpus: 0-3
cpu_memory_nodes: 0
active_processor_count: 4
cpu_quota: -1
cpu_period: 100000
cpu_shares: -1
memory_limit_in_bytes: -1
memory_and_swap_limit_in_bytes: -2
memory_soft_limit_in_bytes: -1
memory_usage_in_bytes: 3585363968
memory_max_usage_in_bytes: 3590676480


CPU:total 4 (initial active 4) (2 cores per cpu, 1 threads per core) family 6 model 58 stepping 9, cmov, cx8, fxsr, mmx, sse, sse2, sse3, ssse3, sse4.1, sse4.2, popcnt, avx, aes, clmul, erms, tsc, tscinvbit, tscinv

/proc/cpuinfo:
processor	: 0
vendor_id	: GenuineIntel
cpu family	: 6
model		: 58
model name	: Intel(R) Core(TM) i7-3770 CPU @ 3.40GHz
stepping	: 9
microcode	: 0x20
cpu MHz		: 3400.026
cache size	: 8192 KB
physical id	: 0
siblings	: 2
core id		: 0
cpu cores	: 2
apicid		: 0
initial apicid	: 0
fpu		: yes
fpu_exception	: yes
cpuid level	: 13
wp		: yes
flags		: fpu vme de pse tsc msr pae mce cx8 apic sep mtrr pge mca cmov pat pse36 clflush mmx fxsr sse sse2 ss ht syscall nx rdtscp lm constant_tsc arch_perfmon nopl xtopology tsc_reliable nonstop_tsc cpuid pni pclmulqdq ssse3 cx16 pcid sse4_1 sse4_2 x2apic popcnt tsc_deadline_timer aes xsave avx f16c rdrand hypervisor lahf_lm cpuid_fault pti ssbd ibrs ibpb stibp fsgsbase tsc_adjust smep arat flush_l1d arch_capabilities
bugs		: cpu_meltdown spectre_v1 spectre_v2 spec_store_bypass l1tf mds swapgs itlb_multihit
bogomips	: 6800.05
clflush size	: 64
cache_alignment	: 64
address sizes	: 43 bits physical, 48 bits virtual
power management:

processor	: 1
vendor_id	: GenuineIntel
cpu family	: 6
model		: 58
model name	: Intel(R) Core(TM) i7-3770 CPU @ 3.40GHz
stepping	: 9
microcode	: 0x20
cpu MHz		: 3400.026
cache size	: 8192 KB
physical id	: 0
siblings	: 2
core id		: 1
cpu cores	: 2
apicid		: 1
initial apicid	: 1
fpu		: yes
fpu_exception	: yes
cpuid level	: 13
wp		: yes
flags		: fpu vme de pse tsc msr pae mce cx8 apic sep mtrr pge mca cmov pat pse36 clflush mmx fxsr sse sse2 ss ht syscall nx rdtscp lm constant_tsc arch_perfmon nopl xtopology tsc_reliable nonstop_tsc cpuid pni pclmulqdq ssse3 cx16 pcid sse4_1 sse4_2 x2apic popcnt tsc_deadline_timer aes xsave avx f16c rdrand hypervisor lahf_lm cpuid_fault pti ssbd ibrs ibpb stibp fsgsbase tsc_adjust smep arat flush_l1d arch_capabilities
bugs		: cpu_meltdown spectre_v1 spectre_v2 spec_store_bypass l1tf mds swapgs itlb_multihit
bogomips	: 6800.05
clflush size	: 64
cache_alignment	: 64
address sizes	: 43 bits physical, 48 bits virtual
power management:

processor	: 2
vendor_id	: GenuineIntel
cpu family	: 6
model		: 58
model name	: Intel(R) Core(TM) i7-3770 CPU @ 3.40GHz
stepping	: 9
microcode	: 0x20
cpu MHz		: 3400.026
cache size	: 8192 KB
physical id	: 1
siblings	: 2
core id		: 0
cpu cores	: 2
apicid		: 2
initial apicid	: 2
fpu		: yes
fpu_exception	: yes
cpuid level	: 13
wp		: yes
flags		: fpu vme de pse tsc msr pae mce cx8 apic sep mtrr pge mca cmov pat pse36 clflush mmx fxsr sse sse2 ss ht syscall nx rdtscp lm constant_tsc arch_perfmon nopl xtopology tsc_reliable nonstop_tsc cpuid pni pclmulqdq ssse3 cx16 pcid sse4_1 sse4_2 x2apic popcnt tsc_deadline_timer aes xsave avx f16c rdrand hypervisor lahf_lm cpuid_fault pti ssbd ibrs ibpb stibp fsgsbase tsc_adjust smep arat flush_l1d arch_capabilities
bugs		: cpu_meltdown spectre_v1 spectre_v2 spec_store_bypass l1tf mds swapgs itlb_multihit
bogomips	: 6800.05
clflush size	: 64
cache_alignment	: 64
address sizes	: 43 bits physical, 48 bits virtual
power management:

processor	: 3
vendor_id	: GenuineIntel
cpu family	: 6
model		: 58
model name	: Intel(R) Core(TM) i7-3770 CPU @ 3.40GHz
stepping	: 9
microcode	: 0x20
cpu MHz		: 3400.026
cache size	: 8192 KB
physical id	: 1
siblings	: 2
core id		: 1
cpu cores	: 2
apicid		: 3
initial apicid	: 3
fpu		: yes
fpu_exception	: yes
cpuid level	: 13
wp		: yes
flags		: fpu vme de pse tsc msr pae mce cx8 apic sep mtrr pge mca cmov pat pse36 clflush mmx fxsr sse sse2 ss ht syscall nx rdtscp lm constant_tsc arch_perfmon nopl xtopology tsc_reliable nonstop_tsc cpuid pni pclmulqdq ssse3 cx16 pcid sse4_1 sse4_2 x2apic popcnt tsc_deadline_timer aes xsave avx f16c rdrand hypervisor lahf_lm cpuid_fault pti ssbd ibrs ibpb stibp fsgsbase tsc_adjust smep arat flush_l1d arch_capabilities
bugs		: cpu_meltdown spectre_v1 spectre_v2 spec_store_bypass l1tf mds swapgs itlb_multihit
bogomips	: 6800.05
clflush size	: 64
cache_alignment	: 64
address sizes	: 43 bits physical, 48 bits virtual
power management:



Memory: 4k page, physical 4012652k(101816k free), swap 0k(0k free)

vm_info: OpenJDK 64-Bit Server VM (25.232-b09) for linux-amd64 JRE (1.8.0_232-8u232-b09-0ubuntu1~19.04.1-b09), built on Oct 16 2019 20:38:15 by "buildd" with gcc 8.3.0

time: Mon Dec 30 23:55:51 2019
timezone: CST
elapsed time: 7 seconds (0d 0h 0m 7s)

