2020-01-06 10:43:01.551  INFO 7069 --- [restartedMain] com.wj.MAC_Query.MacQueryApplication     : Starting MacQueryApplication on navy-pc with PID 7069 (/home/navy/IdeaProjects/MAC_Query/target/classes started by navy in /home/navy/IdeaProjects/MAC_Query)
2020-01-06 10:43:01.557  INFO 7069 --- [restartedMain] com.wj.MAC_Query.MacQueryApplication     : No active profile set, falling back to default profiles: default
2020-01-06 10:43:01.618  INFO 7069 --- [restartedMain] o.s.b.devtools.restart.ChangeableUrls    : The Class-Path manifest attribute in /home/navy/.m2/repository/org/glassfish/jaxb/jaxb-runtime/2.3.2/jaxb-runtime-2.3.2.jar referenced one or more files that do not exist: file:/home/navy/.m2/repository/org/glassfish/jaxb/jaxb-runtime/2.3.2/jakarta.xml.bind-api-2.3.2.jar,file:/home/navy/.m2/repository/org/glassfish/jaxb/jaxb-runtime/2.3.2/txw2-2.3.2.jar,file:/home/navy/.m2/repository/org/glassfish/jaxb/jaxb-runtime/2.3.2/istack-commons-runtime-3.0.8.jar,file:/home/navy/.m2/repository/org/glassfish/jaxb/jaxb-runtime/2.3.2/stax-ex-1.8.1.jar,file:/home/navy/.m2/repository/org/glassfish/jaxb/jaxb-runtime/2.3.2/FastInfoset-1.2.16.jar,file:/home/navy/.m2/repository/org/glassfish/jaxb/jaxb-runtime/2.3.2/jakarta.activation-api-1.2.1.jar
2020-01-06 10:43:01.619  INFO 7069 --- [restartedMain] .e.DevToolsPropertyDefaultsPostProcessor : Devtools property defaults active! Set 'spring.devtools.add-properties' to 'false' to disable
2020-01-06 10:43:01.619  INFO 7069 --- [restartedMain] .e.DevToolsPropertyDefaultsPostProcessor : For additional web related logging consider setting the 'logging.level.web' property to 'DEBUG'
2020-01-06 10:43:02.871  INFO 7069 --- [restartedMain] .s.d.r.c.RepositoryConfigurationDelegate : Bootstrapping Spring Data JPA repositories in DEFAULT mode.
2020-01-06 10:43:02.958  INFO 7069 --- [restartedMain] .s.d.r.c.RepositoryConfigurationDelegate : Finished Spring Data repository scanning in 74ms. Found 1 JPA repository interfaces.
2020-01-06 10:43:03.398  INFO 7069 --- [restartedMain] trationDelegate$BeanPostProcessorChecker : Bean 'org.springframework.transaction.annotation.ProxyTransactionManagementConfiguration' of type [org.springframework.transaction.annotation.ProxyTransactionManagementConfiguration] is not eligible for getting processed by all BeanPostProcessors (for example: not eligible for auto-proxying)
2020-01-06 10:43:03.711  INFO 7069 --- [restartedMain] o.s.b.w.embedded.tomcat.TomcatWebServer  : Tomcat initialized with port(s): 8080 (http)
2020-01-06 10:43:03.717  INFO 7069 --- [restartedMain] o.apache.catalina.core.StandardService   : Starting service [Tomcat]
2020-01-06 10:43:03.718  INFO 7069 --- [restartedMain] org.apache.catalina.core.StandardEngine  : Starting Servlet engine: [Apache Tomcat/9.0.29]
2020-01-06 10:43:03.780  INFO 7069 --- [restartedMain] o.a.c.c.C.[Tomcat].[localhost].[/]       : Initializing Spring embedded WebApplicationContext
2020-01-06 10:43:03.780  INFO 7069 --- [restartedMain] o.s.web.context.ContextLoader            : Root WebApplicationContext: initialization completed in 2160 ms
2020-01-06 10:43:03.917  INFO 7069 --- [restartedMain] com.zaxxer.hikari.HikariDataSource       : HikariPool-1 - Starting...
2020-01-06 10:43:04.185  INFO 7069 --- [restartedMain] com.zaxxer.hikari.HikariDataSource       : HikariPool-1 - Start completed.
2020-01-06 10:43:04.192  INFO 7069 --- [restartedMain] o.s.b.a.h2.H2ConsoleAutoConfiguration    : H2 console available at '/h2-console'. Database available at 'jdbc:h2:file:./test'
2020-01-06 10:43:04.429  INFO 7069 --- [restartedMain] o.hibernate.jpa.internal.util.LogHelper  : HHH000204: Processing PersistenceUnitInfo [name: default]
2020-01-06 10:43:04.487  INFO 7069 --- [restartedMain] org.hibernate.Version                    : HHH000412: Hibernate Core {5.4.9.Final}
2020-01-06 10:43:04.599  INFO 7069 --- [restartedMain] o.hibernate.annotations.common.Version   : HCANN000001: Hibernate Commons Annotations {5.1.0.Final}
2020-01-06 10:43:04.696  INFO 7069 --- [restartedMain] org.hibernate.dialect.Dialect            : HHH000400: Using dialect: org.hibernate.dialect.H2Dialect
2020-01-06 10:43:05.298  INFO 7069 --- [restartedMain] o.h.e.t.j.p.i.JtaPlatformInitiator       : HHH000490: Using JtaPlatform implementation: [org.hibernate.engine.transaction.jta.platform.internal.NoJtaPlatform]
2020-01-06 10:43:05.304  INFO 7069 --- [restartedMain] j.LocalContainerEntityManagerFactoryBean : Initialized JPA EntityManagerFactory for persistence unit 'default'
2020-01-06 10:43:05.346  INFO 7069 --- [restartedMain] o.s.b.d.a.OptionalLiveReloadServer       : LiveReload server is running on port 35729
2020-01-06 10:43:05.704  WARN 7069 --- [restartedMain] JpaBaseConfiguration$JpaWebConfiguration : spring.jpa.open-in-view is enabled by default. Therefore, database queries may be performed during view rendering. Explicitly configure spring.jpa.open-in-view to disable this warning
2020-01-06 10:43:05.836  INFO 7069 --- [restartedMain] o.s.s.concurrent.ThreadPoolTaskExecutor  : Initializing ExecutorService 'applicationTaskExecutor'
2020-01-06 10:43:05.896  INFO 7069 --- [restartedMain] o.s.b.a.w.s.WelcomePageHandlerMapping    : Adding welcome page template: index
2020-01-06 10:43:06.149  INFO 7069 --- [restartedMain] o.s.b.a.e.web.EndpointLinksResolver      : Exposing 14 endpoint(s) beneath base path '/actuator'
2020-01-06 10:43:06.216  INFO 7069 --- [restartedMain] o.s.b.w.embedded.tomcat.TomcatWebServer  : Tomcat started on port(s): 8080 (http) with context path ''
2020-01-06 10:43:06.218  INFO 7069 --- [restartedMain] com.wj.MAC_Query.MacQueryApplication     : Started MacQueryApplication in 5.385 seconds (JVM running for 6.053)
2020-01-06 10:43:06.620  INFO 7069 --- [RMI TCP Connection(3)-127.0.0.1] o.a.c.c.C.[Tomcat].[localhost].[/]       : Initializing Spring DispatcherServlet 'dispatcherServlet'
2020-01-06 10:43:06.620  INFO 7069 --- [RMI TCP Connection(3)-127.0.0.1] o.s.web.servlet.DispatcherServlet        : Initializing Servlet 'dispatcherServlet'
2020-01-06 10:43:06.633  INFO 7069 --- [RMI TCP Connection(3)-127.0.0.1] o.s.web.servlet.DispatcherServlet        : Completed initialization in 13 ms
2020-01-06 10:43:37.318  INFO 7069 --- [http-nio-8080-exec-1] com.wj.MAC_Query.MacQueryApplication     : MAC address:  is NOT A VALID MAC ADDRESS
2020-01-06 10:43:46.898  INFO 7069 --- [http-nio-8080-exec-2] com.wj.MAC_Query.MacQueryApplication     : query MAC address... 000002 is XEROX CORPORATION
